<?xml version="1.0" encoding="UTF-8"?>
<!-- Generated by org.testng.reporters.JUnitXMLReporter -->
<testsuite hostname="LAPTOP-5JSPS2SF" ignored="1" name="Build1.3_results(failed)" tests="2" failures="0" timestamp="2019-09-21T12:29:11 EDT" time="0.097" errors="0">
  <testcase name="@BeforeClass beforeClass" time="-1.569083351381E9" classname="testNG.CrossBrowserTesting_FB_Login">
    <failure type="org.testng.TestNGException" message="
Parameter &amp;apos;browser&amp;apos; is required by BeforeClass on method beforeClass but has not been marked @Optional or defined
in C:\Users\thumm\git\repository\Selenium_Automation\test-output\Regression testing for failed\testng-failed.xml">
      <![CDATA[org.testng.TestNGException: 
Parameter 'browser' is required by BeforeClass on method beforeClass but has not been marked @Optional or defined
in C:\Users\thumm\git\repository\Selenium_Automation\test-output\Regression testing for failed\testng-failed.xml
at java.util.ArrayList.forEach(Unknown Source)
... Removed 22 stack frames]]>
    </failure>
  </testcase> <!-- @BeforeClass beforeClass -->
  <testcase name="@AfterMethod afterMethod" time="-1.569083351434E9" classname="testNG.CrossBrowserTesting_FB_Login">
    <skipped/>
  </testcase> <!-- @AfterMethod afterMethod -->
  <testcase name="f" time="0.0" classname="testNG.CrossBrowserTesting_FB_Login">
    <skipped/>
  </testcase> <!-- f -->
  <testcase name="b" time="0.002" classname="testNG.Annotation2"/>
  <testcase name="f" time="0.0" classname="testNG.Annotation2">
    <ignored/>
  </testcase> <!-- f -->
</testsuite> <!-- Build1.3_results(failed) -->
