<?xml version="1.0" encoding="UTF-8"?>
<!-- Generated by org.testng.reporters.JUnitXMLReporter -->
<testsuite hostname="LAPTOP-5JSPS2SF" ignored="0" name="Build1.3_results" tests="12" failures="1" timestamp="2019-09-21T12:24:51 EDT" time="45.786" errors="0">
  <testcase name="@BeforeClass beforeClass" time="-1.569083091443E9" classname="testNG.CrossBrowserTesting_FB_Login">
    <failure type="org.testng.TestNGException" message="
Parameter &amp;apos;browser&amp;apos; is required by BeforeClass on method beforeClass but has not been marked @Optional or defined
in C:\Users\thumm\git\repository\Selenium_Automation\testng.xml">
      <![CDATA[org.testng.TestNGException: 
Parameter 'browser' is required by BeforeClass on method beforeClass but has not been marked @Optional or defined
in C:\Users\thumm\git\repository\Selenium_Automation\testng.xml
at java.util.ArrayList.forEach(Unknown Source)
... Removed 22 stack frames]]>
    </failure>
  </testcase> <!-- @BeforeClass beforeClass -->
  <testcase name="@AfterMethod afterMethod" time="-1.569083091453E9" classname="testNG.CrossBrowserTesting_FB_Login">
    <skipped/>
  </testcase> <!-- @AfterMethod afterMethod -->
  <testcase name="b" time="0.016" classname="testNG.Firstclass"/>
  <testcase name="f" time="0.001" classname="testNG.Firstclass"/>
  <testcase name="a" time="0.001" classname="testNG.Prioritysample"/>
  <testcase name="f" time="0.001" classname="testNG.Prioritysample"/>
  <testcase name="b" time="0.004" classname="testNG.Prioritysample"/>
  <testcase name="f" time="13.633" classname="testNG.Jri_login"/>
  <testcase name="f" time="32.026" classname="testNG.toyota_brochure"/>
  <testcase name="b" time="0.002" classname="testNG.Annotation2">
    <failure type="java.lang.Error" message="Unresolved compilation problem: 
	Syntax error, insert &amp;quot;;&amp;quot; to complete BlockStatements
">
      <![CDATA[java.lang.Error: Unresolved compilation problem: 
Syntax error, insert ";" to complete BlockStatements

at testNG.Annotation2.b(Annotation2.java:24)
at java.util.ArrayList.forEach(Unknown Source)
... Removed 27 stack frames]]>
    </failure>
  </testcase> <!-- b -->
  <testcase name="f" time="0.001" classname="testNG.Annotation2"/>
  <testcase name="f" time="0.001" classname="testNG.Annotations1"/>
  <testcase name="v" time="0.001" classname="testNG.Annotations1"/>
  <testcase name="f" time="0.0" classname="testNG.CrossBrowserTesting_FB_Login">
    <skipped/>
  </testcase> <!-- f -->
</testsuite> <!-- Build1.3_results -->
